[2023-11-09T05:17:58.137Z] [INFO] Server listening on port 5000
[2023-11-09T05:17:58.308Z] [INFO] New client connected, user_id: 11
[2023-11-09T05:17:58.323Z] [INFO] User with ID: 11 joined room: 10_11
[2023-11-09T05:18:01.500Z] [INFO] New client connected, user_id: 10
[2023-11-09T05:18:01.504Z] [INFO] User with ID: 10 joined room: 10_11
[2023-11-09T05:18:08.309Z] [INFO] Attempting to send message from 10 to 11: hello
[2023-11-09T05:18:08.324Z] [INFO] Message sent to room 10_11: {"message_id":114,"from_user_id":10,"to_user_id":11,"message_text":"hello","timestamp":"2023-11-09T05:18:08.310Z"}
[2023-11-09T05:18:19.073Z] [INFO] Attempting to send message from 10 to 11: lasd
[2023-11-09T05:18:19.121Z] [INFO] Message sent to room 10_11: {"message_id":115,"from_user_id":10,"to_user_id":11,"message_text":"lasd","timestamp":"2023-11-09T05:18:19.106Z"}
[2023-11-09T05:18:22.474Z] [INFO] User with ID: 10 left room: 10_11
[2023-11-09T05:18:22.476Z] [INFO] User with ID: 10 disconnected
[2023-11-09T05:18:22.482Z] [INFO] New client connected, user_id: 10
[2023-11-09T05:18:22.487Z] [INFO] User with ID: 10 joined room: 10_23
[2023-11-09T05:18:23.128Z] [INFO] User with ID: 10 left room: 10_23
[2023-11-09T05:18:23.129Z] [INFO] User with ID: 10 disconnected
[2023-11-09T05:18:23.137Z] [INFO] New client connected, user_id: 10
[2023-11-09T05:18:23.142Z] [INFO] User with ID: 10 joined room: 10_11
[2023-11-09T05:18:26.714Z] [INFO] User with ID: 10 left room: 10_11
[2023-11-09T05:18:26.715Z] [INFO] User with ID: 10 disconnected
[2023-11-09T05:18:26.725Z] [INFO] New client connected, user_id: 10
[2023-11-09T05:18:26.729Z] [INFO] User with ID: 10 joined room: 10_12
[2023-11-09T05:18:28.513Z] [INFO] User with ID: 10 left room: 10_12
[2023-11-09T05:18:28.514Z] [INFO] User with ID: 10 disconnected
[2023-11-09T05:18:28.521Z] [INFO] New client connected, user_id: 10
[2023-11-09T05:18:28.527Z] [INFO] User with ID: 10 joined room: 10_23
[2023-11-09T05:18:29.977Z] [INFO] User with ID: 10 left room: 10_23
[2023-11-09T05:18:29.977Z] [INFO] User with ID: 10 disconnected
[2023-11-09T05:18:29.983Z] [INFO] New client connected, user_id: 10
[2023-11-09T05:18:29.987Z] [INFO] User with ID: 10 joined room: 10_11
[2023-11-09T05:18:37.083Z] [INFO] Attempting to send message from 10 to 11: asd
[2023-11-09T05:18:37.095Z] [INFO] Message sent to room 10_11: {"message_id":116,"from_user_id":10,"to_user_id":11,"message_text":"asd","timestamp":"2023-11-09T05:18:37.084Z"}
[2023-11-09T05:19:11.135Z] [INFO] Server listening on port 5000
[2023-11-09T05:19:11.311Z] [INFO] New client connected, user_id: 11
[2023-11-09T05:19:11.326Z] [INFO] User with ID: 11 joined room: 10_11
[2023-11-09T05:19:11.336Z] [INFO] New client connected, user_id: 10
[2023-11-09T05:19:11.342Z] [INFO] User with ID: 10 joined room: 10_11
[2023-11-09T05:19:15.106Z] [INFO] User with ID: 10 disconnected
[2023-11-09T05:19:17.877Z] [INFO] New client connected, user_id: 10
[2023-11-09T05:19:17.881Z] [INFO] User with ID: 10 joined room: 10_11
[2023-11-09T05:19:19.327Z] [INFO] Attempting to send message from 10 to 11: asd
[2023-11-09T05:19:19.339Z] [ERROR] Error in sendMessage event: TypeError: saveMessage is not a function
[2023-11-09T05:19:20.323Z] [INFO] Attempting to send message from 10 to 11: asd
[2023-11-09T05:19:20.324Z] [ERROR] Error in sendMessage event: TypeError: saveMessage is not a function
[2023-11-09T05:19:20.933Z] [INFO] Attempting to send message from 10 to 11: asd
[2023-11-09T05:19:20.933Z] [ERROR] Error in sendMessage event: TypeError: saveMessage is not a function
[2023-11-09T05:20:35.403Z] [INFO] Attempting to send message from 10 to 11: asd
[2023-11-09T05:20:35.404Z] [ERROR] Error in sendMessage event: TypeError: saveMessage is not a function
[2023-11-09T05:20:47.607Z] [INFO] Attempting to send message from 10 to 11: asd
[2023-11-09T05:20:47.607Z] [ERROR] Error in sendMessage event: TypeError: saveMessage is not a function
[2023-11-09T05:20:49.096Z] [INFO] Attempting to send message from 10 to 11: asd
[2023-11-09T05:20:49.097Z] [ERROR] Error in sendMessage event: TypeError: saveMessage is not a function
[2023-11-09T05:23:03.523Z] [INFO] Server listening on port 5000
[2023-11-09T05:23:03.547Z] [INFO] New client connected, user_id: 10
[2023-11-09T05:23:03.563Z] [INFO] New client connected, user_id: 11
[2023-11-09T05:23:03.566Z] [INFO] User with ID: 10 joined room: 10_11
[2023-11-09T05:23:03.572Z] [INFO] User with ID: 11 joined room: 10_11
[2023-11-09T05:23:03.672Z] [ERROR] Error fetching past messages: ReferenceError: messageService is not defined
[2023-11-09T05:23:03.680Z] [ERROR] Error fetching past messages: ReferenceError: messageService is not defined
[2023-11-09T05:23:06.379Z] [INFO] User with ID: 10 disconnected
[2023-11-09T05:23:08.563Z] [INFO] New client connected, user_id: 10
[2023-11-09T05:23:08.567Z] [INFO] User with ID: 10 joined room: 10_11
[2023-11-09T05:23:08.570Z] [ERROR] Error fetching past messages: ReferenceError: messageService is not defined
[2023-11-09T05:23:09.176Z] [INFO] User with ID: 10 left room: 10_11
[2023-11-09T05:23:09.177Z] [INFO] User with ID: 10 disconnected
[2023-11-09T05:23:09.184Z] [INFO] New client connected, user_id: 10
[2023-11-09T05:23:09.190Z] [INFO] User with ID: 10 joined room: 10_23
[2023-11-09T05:23:09.302Z] [ERROR] Error fetching past messages: ReferenceError: messageService is not defined
[2023-11-09T05:23:09.614Z] [INFO] User with ID: 10 left room: 10_23
[2023-11-09T05:23:09.616Z] [INFO] User with ID: 10 disconnected
[2023-11-09T05:23:09.623Z] [INFO] New client connected, user_id: 10
[2023-11-09T05:23:09.627Z] [INFO] User with ID: 10 joined room: 10_12
[2023-11-09T05:23:09.741Z] [ERROR] Error fetching past messages: ReferenceError: messageService is not defined
[2023-11-09T05:24:33.004Z] [INFO] Server listening on port 5000
[2023-11-09T05:24:33.040Z] [INFO] New client connected, user_id: 11
[2023-11-09T05:24:33.055Z] [INFO] User with ID: 11 joined room: 10_11
[2023-11-09T05:24:33.210Z] [INFO] New client connected, user_id: 10
[2023-11-09T05:24:33.214Z] [INFO] User with ID: 10 joined room: 10_12
[2023-11-09T05:24:35.821Z] [INFO] User with ID: 10 disconnected
[2023-11-09T05:24:37.370Z] [INFO] New client connected, user_id: 10
[2023-11-09T05:24:37.377Z] [INFO] User with ID: 10 joined room: 10_11
[2023-11-09T05:24:40.922Z] [INFO] Attempting to send message from 10 to 11: as
[2023-11-09T05:24:40.935Z] [INFO] Message sent to room 10_11: {"message_id":117,"from_user_id":10,"to_user_id":11,"message_text":"as","timestamp":"2023-11-09T05:24:40.924Z"}
[2023-11-09T05:24:41.800Z] [INFO] Attempting to send message from 10 to 11: as
[2023-11-09T05:24:41.812Z] [INFO] Message sent to room 10_11: {"message_id":118,"from_user_id":10,"to_user_id":11,"message_text":"as","timestamp":"2023-11-09T05:24:41.801Z"}
[2023-11-09T05:27:14.045Z] [INFO] User with ID: 10 left room: 10_11
[2023-11-09T05:27:14.053Z] [INFO] User with ID: 10 disconnected
[2023-11-09T05:27:14.061Z] [INFO] New client connected, user_id: 10
[2023-11-09T05:27:14.069Z] [INFO] User with ID: 10 joined room: 10_11
[2023-11-09T05:27:14.551Z] [INFO] User with ID: 11 left room: 10_11
[2023-11-09T05:27:14.559Z] [INFO] User with ID: 11 disconnected
[2023-11-09T05:27:14.565Z] [INFO] New client connected, user_id: 11
[2023-11-09T05:27:14.570Z] [INFO] User with ID: 11 joined room: 10_11
[2023-11-09T05:27:18.341Z] [INFO] User with ID: 10 left room: 10_11
[2023-11-09T05:27:18.342Z] [INFO] User with ID: 10 disconnected
[2023-11-09T05:27:18.348Z] [INFO] New client connected, user_id: 10
[2023-11-09T05:27:18.354Z] [INFO] User with ID: 10 joined room: 10_23
[2023-11-09T05:27:18.881Z] [INFO] User with ID: 10 left room: 10_23
[2023-11-09T05:27:18.882Z] [INFO] User with ID: 10 disconnected
[2023-11-09T05:27:18.889Z] [INFO] New client connected, user_id: 10
[2023-11-09T05:27:18.895Z] [INFO] User with ID: 10 joined room: 10_12
[2023-11-09T05:27:20.106Z] [INFO] User with ID: 10 left room: 10_12
[2023-11-09T05:27:20.107Z] [INFO] User with ID: 10 disconnected
[2023-11-09T05:27:20.116Z] [INFO] New client connected, user_id: 10
[2023-11-09T05:27:20.123Z] [INFO] User with ID: 10 joined room: 10_23
[2023-11-09T05:27:20.492Z] [INFO] User with ID: 10 left room: 10_23
[2023-11-09T05:27:20.493Z] [INFO] User with ID: 10 disconnected
[2023-11-09T05:27:20.499Z] [INFO] New client connected, user_id: 10
[2023-11-09T05:27:20.506Z] [INFO] User with ID: 10 joined room: 10_11
[2023-11-09T05:28:57.494Z] [INFO] User with ID: 10 left room: 10_11
[2023-11-09T05:28:57.495Z] [INFO] User with ID: 10 disconnected
[2023-11-09T05:28:57.503Z] [INFO] New client connected, user_id: 10
[2023-11-09T05:28:57.509Z] [INFO] User with ID: 10 joined room: 10_23
[2023-11-09T05:29:00.901Z] [INFO] User with ID: 10 left room: 10_23
[2023-11-09T05:29:00.902Z] [INFO] User with ID: 10 disconnected
[2023-11-09T05:29:00.907Z] [INFO] New client connected, user_id: 10
[2023-11-09T05:29:00.913Z] [INFO] User with ID: 10 joined room: 10_11
[2023-11-09T05:29:01.864Z] [INFO] User with ID: 10 left room: 10_11
[2023-11-09T05:29:01.865Z] [INFO] User with ID: 10 disconnected
[2023-11-09T05:29:01.870Z] [INFO] New client connected, user_id: 10
[2023-11-09T05:29:01.875Z] [INFO] User with ID: 10 joined room: 10_23
[2023-11-09T05:29:02.345Z] [INFO] User with ID: 10 left room: 10_23
[2023-11-09T05:29:02.345Z] [INFO] User with ID: 10 disconnected
[2023-11-09T05:29:02.350Z] [INFO] New client connected, user_id: 10
[2023-11-09T05:29:02.354Z] [INFO] User with ID: 10 joined room: 10_11
[2023-11-09T05:29:04.201Z] [INFO] User with ID: 10 left room: 10_11
[2023-11-09T05:29:04.202Z] [INFO] User with ID: 10 disconnected
[2023-11-09T05:29:04.209Z] [INFO] New client connected, user_id: 10
[2023-11-09T05:29:04.214Z] [INFO] User with ID: 10 joined room: 10_23
[2023-11-09T05:29:04.783Z] [INFO] User with ID: 10 left room: 10_23
[2023-11-09T05:29:04.783Z] [INFO] User with ID: 10 disconnected
[2023-11-09T05:29:04.788Z] [INFO] New client connected, user_id: 10
[2023-11-09T05:29:04.793Z] [INFO] User with ID: 10 joined room: 10_11
[2023-11-09T05:32:09.111Z] [INFO] User with ID: 10 left room: 10_11
[2023-11-09T05:32:09.113Z] [INFO] User with ID: 10 disconnected
[2023-11-09T05:32:09.521Z] [INFO] User with ID: 11 left room: 10_11
[2023-11-09T05:32:09.524Z] [INFO] User with ID: 11 disconnected
[2023-11-09T05:39:03.711Z] [INFO] New client connected, user_id: 10
[2023-11-09T05:39:03.716Z] [INFO] User with ID: 10 joined room: 10_11
[2023-11-09T05:39:05.634Z] [INFO] User with ID: 10 left room: 10_11
[2023-11-09T05:39:05.636Z] [INFO] User with ID: 10 disconnected
[2023-11-09T05:39:05.641Z] [INFO] New client connected, user_id: 10
[2023-11-09T05:39:05.646Z] [INFO] User with ID: 10 joined room: 10_23
[2023-11-09T05:39:06.182Z] [INFO] User with ID: 10 left room: 10_23
[2023-11-09T05:39:06.182Z] [INFO] User with ID: 10 disconnected
[2023-11-09T05:39:06.189Z] [INFO] New client connected, user_id: 10
[2023-11-09T05:39:06.194Z] [INFO] User with ID: 10 joined room: 10_12
[2023-11-09T05:39:13.544Z] [INFO] User with ID: 10 left room: 10_12
[2023-11-09T05:39:13.545Z] [INFO] User with ID: 10 disconnected
[2023-11-09T05:39:13.552Z] [INFO] New client connected, user_id: 10
[2023-11-09T05:39:13.556Z] [INFO] User with ID: 10 joined room: 10_23
[2023-11-09T05:39:36.344Z] [INFO] User with ID: 10 left room: 10_23
[2023-11-09T05:39:36.345Z] [INFO] User with ID: 10 disconnected
[2023-11-09T05:41:38.923Z] [INFO] New client connected, user_id: 10
[2023-11-09T05:41:38.927Z] [INFO] User with ID: 10 joined room: 10_11
[2023-11-09T05:42:16.084Z] [INFO] User with ID: 10 disconnected
[2023-11-09T05:42:18.624Z] [INFO] New client connected, user_id: 10
[2023-11-09T05:42:18.629Z] [INFO] User with ID: 10 joined room: 10_11
[2023-11-09T05:45:00.610Z] [INFO] User with ID: 10 disconnected
[2023-11-09T05:45:30.296Z] [INFO] New client connected, user_id: 10
[2023-11-09T05:45:30.303Z] [INFO] User with ID: 10 joined room: 10_11
[2023-11-09T05:45:34.002Z] [INFO] User with ID: 10 left room: 10_11
[2023-11-09T05:45:34.003Z] [INFO] User with ID: 10 disconnected
[2023-11-09T05:45:34.009Z] [INFO] New client connected, user_id: 10
[2023-11-09T05:45:34.014Z] [INFO] User with ID: 10 joined room: 10_23
[2023-11-09T05:45:49.367Z] [INFO] User with ID: 10 left room: 10_23
[2023-11-09T05:45:49.368Z] [INFO] User with ID: 10 disconnected
[2023-11-09T05:45:49.376Z] [INFO] New client connected, user_id: 10
[2023-11-09T05:45:49.382Z] [INFO] User with ID: 10 joined room: 10_11
[2023-11-09T05:45:50.577Z] [INFO] User with ID: 10 left room: 10_11
[2023-11-09T05:45:50.578Z] [INFO] User with ID: 10 disconnected
[2023-11-09T05:45:50.585Z] [INFO] New client connected, user_id: 10
[2023-11-09T05:45:50.591Z] [INFO] User with ID: 10 joined room: 10_23
[2023-11-09T05:45:50.877Z] [INFO] User with ID: 10 left room: 10_23
[2023-11-09T05:45:50.878Z] [INFO] User with ID: 10 disconnected
[2023-11-09T05:45:50.884Z] [INFO] New client connected, user_id: 10
[2023-11-09T05:45:50.889Z] [INFO] User with ID: 10 joined room: 10_12
[2023-11-09T05:45:54.094Z] [INFO] User with ID: 10 disconnected
[2023-11-09T05:45:56.465Z] [INFO] New client connected, user_id: 10
[2023-11-09T05:45:56.470Z] [INFO] User with ID: 10 joined room: 10_11
[2023-11-09T05:45:57.564Z] [INFO] User with ID: 10 left room: 10_11
[2023-11-09T05:45:57.565Z] [INFO] User with ID: 10 disconnected
[2023-11-09T05:45:57.571Z] [INFO] New client connected, user_id: 10
[2023-11-09T05:45:57.575Z] [INFO] User with ID: 10 joined room: 10_23
[2023-11-09T05:45:58.966Z] [INFO] User with ID: 10 left room: 10_23
[2023-11-09T05:45:58.967Z] [INFO] User with ID: 10 disconnected
[2023-11-09T05:45:58.972Z] [INFO] New client connected, user_id: 10
[2023-11-09T05:45:58.978Z] [INFO] User with ID: 10 joined room: 10_11
[2023-11-09T05:46:00.580Z] [INFO] User with ID: 10 disconnected
[2023-11-09T05:46:03.280Z] [INFO] New client connected, user_id: 10
[2023-11-09T05:46:03.284Z] [INFO] User with ID: 10 joined room: 10_11
[2023-11-09T05:46:05.408Z] [INFO] User with ID: 10 left room: 10_11
[2023-11-09T05:46:05.409Z] [INFO] User with ID: 10 disconnected
[2023-11-09T05:46:05.415Z] [INFO] New client connected, user_id: 10
[2023-11-09T05:46:05.420Z] [INFO] User with ID: 10 joined room: 10_23
[2023-11-09T05:46:36.183Z] [INFO] User with ID: 10 disconnected
[2023-11-09T05:53:40.144Z] [INFO] New client connected, user_id: 10
[2023-11-09T05:53:40.149Z] [INFO] User with ID: 10 joined room: 10_11
[2023-11-09T05:54:49.208Z] [INFO] User with ID: 10 left room: 10_11
[2023-11-09T05:54:49.210Z] [INFO] User with ID: 10 disconnected
[2023-11-09T05:54:49.217Z] [INFO] New client connected, user_id: 10
[2023-11-09T05:54:49.224Z] [INFO] User with ID: 10 joined room: 10_11
[2023-11-09T05:54:51.677Z] [INFO] User with ID: 10 disconnected
[2023-11-09T05:54:53.221Z] [INFO] New client connected, user_id: 10
[2023-11-09T05:54:53.225Z] [INFO] User with ID: 10 joined room: 10_11
[2023-11-09T05:55:39.573Z] [INFO] User with ID: 10 left room: 10_11
[2023-11-09T05:55:39.575Z] [INFO] User with ID: 10 disconnected
[2023-11-09T05:55:39.585Z] [INFO] New client connected, user_id: 10
[2023-11-09T05:55:39.595Z] [INFO] User with ID: 10 joined room: 10_11
[2023-11-09T05:55:46.212Z] [INFO] User with ID: 10 disconnected
[2023-11-09T05:55:55.513Z] [INFO] New client connected, user_id: 10
[2023-11-09T05:55:55.517Z] [INFO] User with ID: 10 joined room: 10_11
[2023-11-09T05:56:26.828Z] [INFO] User with ID: 10 left room: 10_11
[2023-11-09T05:56:26.829Z] [INFO] User with ID: 10 disconnected
[2023-11-09T05:56:26.836Z] [INFO] New client connected, user_id: 10
[2023-11-09T05:56:26.843Z] [INFO] User with ID: 10 joined room: 10_11
[2023-11-09T05:56:29.400Z] [INFO] User with ID: 10 disconnected
[2023-11-09T05:56:31.234Z] [INFO] New client connected, user_id: 10
[2023-11-09T05:56:31.238Z] [INFO] User with ID: 10 joined room: 10_11
[2023-11-09T05:57:08.790Z] [INFO] User with ID: 10 left room: 10_11
[2023-11-09T05:57:08.792Z] [INFO] User with ID: 10 disconnected
[2023-11-09T05:57:08.803Z] [INFO] New client connected, user_id: 10
[2023-11-09T05:57:08.811Z] [INFO] User with ID: 10 joined room: 10_11
[2023-11-09T05:57:11.718Z] [INFO] User with ID: 10 disconnected
[2023-11-09T05:57:13.468Z] [INFO] New client connected, user_id: 10
[2023-11-09T05:57:13.475Z] [INFO] User with ID: 10 joined room: 10_11
[2023-11-09T05:58:21.305Z] [INFO] User with ID: 10 disconnected
[2023-11-09T05:59:09.509Z] [INFO] New client connected, user_id: 10
[2023-11-09T05:59:09.513Z] [INFO] User with ID: 10 joined room: 10_11
[2023-11-09T05:59:16.109Z] [INFO] User with ID: 10 left room: 10_11
[2023-11-09T05:59:16.111Z] [INFO] User with ID: 10 disconnected
[2023-11-09T05:59:16.122Z] [INFO] New client connected, user_id: 10
[2023-11-09T05:59:16.127Z] [INFO] User with ID: 10 joined room: 10_11
[2023-11-09T06:00:00.674Z] [INFO] User with ID: 10 disconnected
[2023-11-09T06:00:02.449Z] [INFO] New client connected, user_id: 10
[2023-11-09T06:00:02.454Z] [INFO] User with ID: 10 joined room: 10_11
[2023-11-09T06:00:13.130Z] [INFO] User with ID: 10 left room: 10_11
[2023-11-09T06:00:13.131Z] [INFO] User with ID: 10 disconnected
[2023-11-09T06:00:13.139Z] [INFO] New client connected, user_id: 10
[2023-11-09T06:00:13.146Z] [INFO] User with ID: 10 joined room: 10_11
[2023-11-09T06:01:01.011Z] [INFO] User with ID: 10 left room: 10_11
[2023-11-09T06:01:01.013Z] [INFO] User with ID: 10 disconnected
[2023-11-09T06:01:01.020Z] [INFO] New client connected, user_id: 10
[2023-11-09T06:01:01.027Z] [INFO] User with ID: 10 joined room: 10_11
[2023-11-09T06:01:03.855Z] [INFO] User with ID: 10 disconnected
[2023-11-09T06:01:07.320Z] [INFO] New client connected, user_id: 10
[2023-11-09T06:01:07.328Z] [INFO] User with ID: 10 joined room: 10_11
[2023-11-09T06:01:53.896Z] [INFO] User with ID: 10 left room: 10_11
[2023-11-09T06:01:53.898Z] [INFO] User with ID: 10 disconnected
[2023-11-09T06:01:53.905Z] [INFO] New client connected, user_id: 10
[2023-11-09T06:01:53.914Z] [INFO] User with ID: 10 joined room: 10_11
[2023-11-09T06:01:56.306Z] [INFO] User with ID: 10 disconnected
[2023-11-09T06:01:58.440Z] [INFO] New client connected, user_id: 10
[2023-11-09T06:01:58.445Z] [INFO] User with ID: 10 joined room: 10_11
[2023-11-09T06:02:14.739Z] [INFO] User with ID: 10 left room: 10_11
[2023-11-09T06:02:14.741Z] [INFO] User with ID: 10 disconnected
[2023-11-09T06:02:14.747Z] [INFO] New client connected, user_id: 10
[2023-11-09T06:02:14.755Z] [INFO] User with ID: 10 joined room: 10_11
[2023-11-09T06:02:16.973Z] [INFO] User with ID: 10 left room: 10_11
[2023-11-09T06:02:16.975Z] [INFO] User with ID: 10 disconnected
[2023-11-09T06:02:16.981Z] [INFO] New client connected, user_id: 10
[2023-11-09T06:02:16.985Z] [INFO] User with ID: 10 joined room: 10_11
[2023-11-09T06:02:18.059Z] [INFO] User with ID: 10 left room: 10_11
[2023-11-09T06:02:18.060Z] [INFO] User with ID: 10 disconnected
[2023-11-09T06:02:18.066Z] [INFO] New client connected, user_id: 10
[2023-11-09T06:02:18.071Z] [INFO] User with ID: 10 joined room: 10_23
[2023-11-09T06:02:18.619Z] [INFO] User with ID: 10 left room: 10_23
[2023-11-09T06:02:18.620Z] [INFO] User with ID: 10 disconnected
[2023-11-09T06:02:18.628Z] [INFO] New client connected, user_id: 10
[2023-11-09T06:02:18.634Z] [INFO] User with ID: 10 joined room: 10_12
[2023-11-09T06:02:19.247Z] [INFO] User with ID: 10 left room: 10_12
[2023-11-09T06:02:19.248Z] [INFO] User with ID: 10 disconnected
[2023-11-09T06:02:19.254Z] [INFO] New client connected, user_id: 10
[2023-11-09T06:02:19.259Z] [INFO] User with ID: 10 joined room: 10_11
[2023-11-09T06:03:38.170Z] [INFO] User with ID: 10 left room: 10_11
[2023-11-09T06:03:38.173Z] [INFO] User with ID: 10 disconnected
[2023-11-09T06:03:38.181Z] [INFO] New client connected, user_id: 10
[2023-11-09T06:03:38.190Z] [INFO] User with ID: 10 joined room: 10_11
[2023-11-09T06:04:13.801Z] [INFO] User with ID: 10 left room: 10_11
[2023-11-09T06:04:13.810Z] [INFO] User with ID: 10 disconnected
[2023-11-09T06:04:13.822Z] [INFO] New client connected, user_id: 10
[2023-11-09T06:04:13.829Z] [INFO] User with ID: 10 joined room: _10
[2023-11-09T06:04:14.554Z] [INFO] New client connected, user_id: 10
[2023-11-09T06:04:14.578Z] [INFO] User with ID: 10 joined room: _10
[2023-11-09T06:04:17.159Z] [INFO] User with ID: 10 left room: _10
[2023-11-09T06:04:17.160Z] [INFO] User with ID: 10 disconnected
[2023-11-09T06:04:17.166Z] [INFO] New client connected, user_id: 10
[2023-11-09T06:04:17.172Z] [INFO] User with ID: 10 joined room: 10_11
[2023-11-09T06:04:17.960Z] [INFO] User with ID: 10 left room: 10_11
[2023-11-09T06:04:17.961Z] [INFO] User with ID: 10 disconnected
[2023-11-09T06:04:17.968Z] [INFO] New client connected, user_id: 10
[2023-11-09T06:04:17.973Z] [INFO] User with ID: 10 joined room: 10_23
[2023-11-09T06:04:18.445Z] [INFO] User with ID: 10 left room: 10_23
[2023-11-09T06:04:18.446Z] [INFO] User with ID: 10 disconnected
[2023-11-09T06:04:18.454Z] [INFO] New client connected, user_id: 10
[2023-11-09T06:04:18.459Z] [INFO] User with ID: 10 joined room: 10_12
[2023-11-09T06:04:30.288Z] [INFO] User with ID: 10 left room: 10_12
[2023-11-09T06:04:30.290Z] [INFO] User with ID: 10 disconnected
[2023-11-09T06:04:30.299Z] [INFO] New client connected, user_id: 10
[2023-11-09T06:04:30.307Z] [INFO] User with ID: 10 joined room: 10_12
[2023-11-09T06:04:30.525Z] [INFO] User with ID: 10 left room: _10
[2023-11-09T06:04:30.526Z] [INFO] User with ID: 10 disconnected
[2023-11-09T06:04:30.532Z] [INFO] New client connected, user_id: 10
[2023-11-09T06:04:30.537Z] [INFO] User with ID: 10 joined room: _10
[2023-11-09T06:04:33.685Z] [INFO] User with ID: 10 left room: 10_12
[2023-11-09T06:04:33.686Z] [INFO] User with ID: 10 disconnected
[2023-11-09T06:04:33.694Z] [INFO] New client connected, user_id: 10
[2023-11-09T06:04:33.698Z] [INFO] User with ID: 10 joined room: 10_11
[2023-11-09T06:04:34.413Z] [INFO] User with ID: 10 left room: 10_11
[2023-11-09T06:04:34.414Z] [INFO] User with ID: 10 disconnected
[2023-11-09T06:04:34.420Z] [INFO] New client connected, user_id: 10
[2023-11-09T06:04:34.426Z] [INFO] User with ID: 10 joined room: 10_23
[2023-11-09T06:04:34.675Z] [INFO] User with ID: 10 left room: 10_23
[2023-11-09T06:04:34.676Z] [INFO] User with ID: 10 disconnected
[2023-11-09T06:04:34.681Z] [INFO] New client connected, user_id: 10
[2023-11-09T06:04:34.686Z] [INFO] User with ID: 10 joined room: 10_12
[2023-11-09T06:04:36.019Z] [INFO] User with ID: 10 left room: 10_12
[2023-11-09T06:04:36.020Z] [INFO] User with ID: 10 disconnected
[2023-11-09T06:04:36.027Z] [INFO] New client connected, user_id: 10
[2023-11-09T06:04:36.033Z] [INFO] User with ID: 10 joined room: 10_23
[2023-11-09T06:04:36.495Z] [INFO] User with ID: 10 left room: 10_23
[2023-11-09T06:04:36.495Z] [INFO] User with ID: 10 disconnected
[2023-11-09T06:04:36.501Z] [INFO] New client connected, user_id: 10
[2023-11-09T06:04:36.506Z] [INFO] User with ID: 10 joined room: 10_11
[2023-11-09T06:04:37.821Z] [INFO] User with ID: 10 left room: 10_11
[2023-11-09T06:04:37.822Z] [INFO] User with ID: 10 disconnected
[2023-11-09T06:04:37.828Z] [INFO] New client connected, user_id: 10
[2023-11-09T06:04:37.832Z] [INFO] User with ID: 10 joined room: 10_23
[2023-11-09T06:04:38.207Z] [INFO] User with ID: 10 left room: 10_23
[2023-11-09T06:04:38.208Z] [INFO] User with ID: 10 disconnected
[2023-11-09T06:04:38.213Z] [INFO] New client connected, user_id: 10
[2023-11-09T06:04:38.218Z] [INFO] User with ID: 10 joined room: 10_12
[2023-11-09T06:04:40.702Z] [INFO] User with ID: 10 left room: 10_12
[2023-11-09T06:04:40.703Z] [INFO] User with ID: 10 disconnected
[2023-11-09T06:04:40.710Z] [INFO] New client connected, user_id: 10
[2023-11-09T06:04:40.714Z] [INFO] User with ID: 10 joined room: 10_12
[2023-11-09T06:04:41.258Z] [INFO] User with ID: 10 left room: 10_12
[2023-11-09T06:04:41.259Z] [INFO] User with ID: 10 disconnected
[2023-11-09T06:04:41.267Z] [INFO] New client connected, user_id: 10
[2023-11-09T06:04:41.271Z] [INFO] User with ID: 10 joined room: 10_23
[2023-11-09T06:04:42.118Z] [INFO] User with ID: 10 left room: 10_23
[2023-11-09T06:04:42.119Z] [INFO] User with ID: 10 disconnected
[2023-11-09T06:04:42.125Z] [INFO] New client connected, user_id: 10
[2023-11-09T06:04:42.131Z] [INFO] User with ID: 10 joined room: 10_11
[2023-11-09T06:04:42.775Z] [INFO] User with ID: 10 left room: 10_11
[2023-11-09T06:04:42.776Z] [INFO] User with ID: 10 disconnected
[2023-11-09T06:04:42.782Z] [INFO] New client connected, user_id: 10
[2023-11-09T06:04:42.787Z] [INFO] User with ID: 10 joined room: 10_23
[2023-11-09T06:04:43.187Z] [INFO] User with ID: 10 left room: 10_23
[2023-11-09T06:04:43.188Z] [INFO] User with ID: 10 disconnected
[2023-11-09T06:04:43.194Z] [INFO] New client connected, user_id: 10
[2023-11-09T06:04:43.200Z] [INFO] User with ID: 10 joined room: 10_12
[2023-11-09T06:04:43.673Z] [INFO] User with ID: 10 left room: 10_12
[2023-11-09T06:04:43.674Z] [INFO] User with ID: 10 disconnected
[2023-11-09T06:04:43.679Z] [INFO] New client connected, user_id: 10
[2023-11-09T06:04:43.684Z] [INFO] User with ID: 10 joined room: 10_23
[2023-11-09T06:04:44.142Z] [INFO] User with ID: 10 left room: 10_23
[2023-11-09T06:04:44.143Z] [INFO] User with ID: 10 disconnected
[2023-11-09T06:04:44.149Z] [INFO] New client connected, user_id: 10
[2023-11-09T06:04:44.154Z] [INFO] User with ID: 10 joined room: 10_11
